[2023-04-01T12:36:02.012] [ERROR] error - TypeError: Cannot read properties of undefined (reading 'sendMail')
    at Usuarios.save (file:///C:/Users/Iv%C3%A1n.-/Documents/Desafios-Backend-32190/ProyectoFinal_03/src/contenedores/mongohijos/Usuarios.js:58:29)
    at process.processTicksAndRejections (node:internal/process/task_queues:95:5)
    at async Strategy._verify (file:///C:/Users/Iv%C3%A1n.-/Documents/Desafios-Backend-32190/ProyectoFinal_03/src/Passport.js:47:7)
[2023-04-01T12:56:56.835] [ERROR] error - TypeError: Cannot read properties of undefined (reading 'sendMail')
    at Usuarios.save (file:///C:/Users/Iv%C3%A1n.-/Documents/Desafios-Backend-32190/ProyectoFinal_03/src/contenedores/mongohijos/Usuarios.js:58:29)
    at process.processTicksAndRejections (node:internal/process/task_queues:95:5)
    at async Strategy._verify (file:///C:/Users/Iv%C3%A1n.-/Documents/Desafios-Backend-32190/ProyectoFinal_03/src/Passport.js:47:7)
[2023-04-18T11:54:39.952] [ERROR] error - ReferenceError: req is not defined
    at Strategy._verify (file:///C:/Users/Iv%C3%A1n.-/Documents/Programacion/Desafios-Backend-32190/Desafio15_DividrEnCapas/src/Service/passport/passportService.js:32:55)
    at Strategy.authenticate (C:\Users\Iván.-\Documents\Programacion\Desafios-Backend-32190\Desafio15_DividrEnCapas\node_modules\passport-local\lib\strategy.js:90:12)
    at attempt (C:\Users\Iván.-\Documents\Programacion\Desafios-Backend-32190\Desafio15_DividrEnCapas\node_modules\passport\lib\middleware\authenticate.js:369:16)
    at authenticate (C:\Users\Iván.-\Documents\Programacion\Desafios-Backend-32190\Desafio15_DividrEnCapas\node_modules\passport\lib\middleware\authenticate.js:370:7)
    at Layer.handle [as handle_request] (C:\Users\Iván.-\Documents\Programacion\Desafios-Backend-32190\Desafio15_DividrEnCapas\node_modules\express\lib\router\layer.js:95:5)
    at next (C:\Users\Iván.-\Documents\Programacion\Desafios-Backend-32190\Desafio15_DividrEnCapas\node_modules\express\lib\router\route.js:144:13)
    at loggear (file:///C:/Users/Iv%C3%A1n.-/Documents/Programacion/Desafios-Backend-32190/Desafio15_DividrEnCapas/src/Router/router.js:36:5)
    at Layer.handle [as handle_request] (C:\Users\Iván.-\Documents\Programacion\Desafios-Backend-32190\Desafio15_DividrEnCapas\node_modules\express\lib\router\layer.js:95:5)
    at next (C:\Users\Iván.-\Documents\Programacion\Desafios-Backend-32190\Desafio15_DividrEnCapas\node_modules\express\lib\router\route.js:144:13)
    at Route.dispatch (C:\Users\Iván.-\Documents\Programacion\Desafios-Backend-32190\Desafio15_DividrEnCapas\node_modules\express\lib\router\route.js:114:3)
[2023-04-18T11:55:58.450] [ERROR] error - ReferenceError: req is not defined
    at Strategy._verify (file:///C:/Users/Iv%C3%A1n.-/Documents/Programacion/Desafios-Backend-32190/Desafio15_DividrEnCapas/src/Service/passport/passportService.js:32:55)
    at Strategy.authenticate (C:\Users\Iván.-\Documents\Programacion\Desafios-Backend-32190\Desafio15_DividrEnCapas\node_modules\passport-local\lib\strategy.js:90:12)
    at attempt (C:\Users\Iván.-\Documents\Programacion\Desafios-Backend-32190\Desafio15_DividrEnCapas\node_modules\passport\lib\middleware\authenticate.js:369:16)
    at authenticate (C:\Users\Iván.-\Documents\Programacion\Desafios-Backend-32190\Desafio15_DividrEnCapas\node_modules\passport\lib\middleware\authenticate.js:370:7)
    at Layer.handle [as handle_request] (C:\Users\Iván.-\Documents\Programacion\Desafios-Backend-32190\Desafio15_DividrEnCapas\node_modules\express\lib\router\layer.js:95:5)
    at next (C:\Users\Iván.-\Documents\Programacion\Desafios-Backend-32190\Desafio15_DividrEnCapas\node_modules\express\lib\router\route.js:144:13)
    at uploadAvatar (file:///C:/Users/Iv%C3%A1n.-/Documents/Programacion/Desafios-Backend-32190/Desafio15_DividrEnCapas/src/Controller/controller.js:12:3)
    at Layer.handle [as handle_request] (C:\Users\Iván.-\Documents\Programacion\Desafios-Backend-32190\Desafio15_DividrEnCapas\node_modules\express\lib\router\layer.js:95:5)
    at next (C:\Users\Iván.-\Documents\Programacion\Desafios-Backend-32190\Desafio15_DividrEnCapas\node_modules\express\lib\router\route.js:144:13)
    at Route.dispatch (C:\Users\Iván.-\Documents\Programacion\Desafios-Backend-32190\Desafio15_DividrEnCapas\node_modules\express\lib\router\route.js:114:3)
[2023-04-18T11:56:53.569] [ERROR] error - TypeError: Cannot read properties of undefined (reading 'email')
    at Strategy._verify (file:///C:/Users/Iv%C3%A1n.-/Documents/Programacion/Desafios-Backend-32190/Desafio15_DividrEnCapas/src/Service/passport/passportService.js:32:62)
    at Strategy.authenticate (C:\Users\Iván.-\Documents\Programacion\Desafios-Backend-32190\Desafio15_DividrEnCapas\node_modules\passport-local\lib\strategy.js:90:12)
    at attempt (C:\Users\Iván.-\Documents\Programacion\Desafios-Backend-32190\Desafio15_DividrEnCapas\node_modules\passport\lib\middleware\authenticate.js:369:16)
    at authenticate (C:\Users\Iván.-\Documents\Programacion\Desafios-Backend-32190\Desafio15_DividrEnCapas\node_modules\passport\lib\middleware\authenticate.js:370:7)
    at Layer.handle [as handle_request] (C:\Users\Iván.-\Documents\Programacion\Desafios-Backend-32190\Desafio15_DividrEnCapas\node_modules\express\lib\router\layer.js:95:5)
    at next (C:\Users\Iván.-\Documents\Programacion\Desafios-Backend-32190\Desafio15_DividrEnCapas\node_modules\express\lib\router\route.js:144:13)
    at uploadAvatar (file:///C:/Users/Iv%C3%A1n.-/Documents/Programacion/Desafios-Backend-32190/Desafio15_DividrEnCapas/src/Controller/controller.js:12:3)
    at Layer.handle [as handle_request] (C:\Users\Iván.-\Documents\Programacion\Desafios-Backend-32190\Desafio15_DividrEnCapas\node_modules\express\lib\router\layer.js:95:5)
    at next (C:\Users\Iván.-\Documents\Programacion\Desafios-Backend-32190\Desafio15_DividrEnCapas\node_modules\express\lib\router\route.js:144:13)
    at Route.dispatch (C:\Users\Iván.-\Documents\Programacion\Desafios-Backend-32190\Desafio15_DividrEnCapas\node_modules\express\lib\router\route.js:114:3)
[2023-04-18T11:57:41.882] [ERROR] error - TypeError: Cannot read properties of undefined (reading 'email')
    at Strategy._verify (file:///C:/Users/Iv%C3%A1n.-/Documents/Programacion/Desafios-Backend-32190/Desafio15_DividrEnCapas/src/Service/passport/passportService.js:31:62)
    at Strategy.authenticate (C:\Users\Iván.-\Documents\Programacion\Desafios-Backend-32190\Desafio15_DividrEnCapas\node_modules\passport-local\lib\strategy.js:90:12)
    at attempt (C:\Users\Iván.-\Documents\Programacion\Desafios-Backend-32190\Desafio15_DividrEnCapas\node_modules\passport\lib\middleware\authenticate.js:369:16)
    at authenticate (C:\Users\Iván.-\Documents\Programacion\Desafios-Backend-32190\Desafio15_DividrEnCapas\node_modules\passport\lib\middleware\authenticate.js:370:7)
    at Layer.handle [as handle_request] (C:\Users\Iván.-\Documents\Programacion\Desafios-Backend-32190\Desafio15_DividrEnCapas\node_modules\express\lib\router\layer.js:95:5)
    at next (C:\Users\Iván.-\Documents\Programacion\Desafios-Backend-32190\Desafio15_DividrEnCapas\node_modules\express\lib\router\route.js:144:13)
    at uploadAvatar (file:///C:/Users/Iv%C3%A1n.-/Documents/Programacion/Desafios-Backend-32190/Desafio15_DividrEnCapas/src/Controller/controller.js:12:3)
    at Layer.handle [as handle_request] (C:\Users\Iván.-\Documents\Programacion\Desafios-Backend-32190\Desafio15_DividrEnCapas\node_modules\express\lib\router\layer.js:95:5)
    at next (C:\Users\Iván.-\Documents\Programacion\Desafios-Backend-32190\Desafio15_DividrEnCapas\node_modules\express\lib\router\route.js:144:13)
    at Route.dispatch (C:\Users\Iván.-\Documents\Programacion\Desafios-Backend-32190\Desafio15_DividrEnCapas\node_modules\express\lib\router\route.js:114:3)
[2023-04-18T11:58:14.416] [ERROR] error - TypeError: Cannot read properties of undefined (reading 'email')
    at Strategy._verify (file:///C:/Users/Iv%C3%A1n.-/Documents/Programacion/Desafios-Backend-32190/Desafio15_DividrEnCapas/src/Service/passport/passportService.js:31:62)
    at Strategy.authenticate (C:\Users\Iván.-\Documents\Programacion\Desafios-Backend-32190\Desafio15_DividrEnCapas\node_modules\passport-local\lib\strategy.js:90:12)
    at attempt (C:\Users\Iván.-\Documents\Programacion\Desafios-Backend-32190\Desafio15_DividrEnCapas\node_modules\passport\lib\middleware\authenticate.js:369:16)
    at authenticate (C:\Users\Iván.-\Documents\Programacion\Desafios-Backend-32190\Desafio15_DividrEnCapas\node_modules\passport\lib\middleware\authenticate.js:370:7)
    at Layer.handle [as handle_request] (C:\Users\Iván.-\Documents\Programacion\Desafios-Backend-32190\Desafio15_DividrEnCapas\node_modules\express\lib\router\layer.js:95:5)
    at next (C:\Users\Iván.-\Documents\Programacion\Desafios-Backend-32190\Desafio15_DividrEnCapas\node_modules\express\lib\router\route.js:144:13)
    at uploadAvatar (file:///C:/Users/Iv%C3%A1n.-/Documents/Programacion/Desafios-Backend-32190/Desafio15_DividrEnCapas/src/Controller/controller.js:12:3)
    at Layer.handle [as handle_request] (C:\Users\Iván.-\Documents\Programacion\Desafios-Backend-32190\Desafio15_DividrEnCapas\node_modules\express\lib\router\layer.js:95:5)
    at next (C:\Users\Iván.-\Documents\Programacion\Desafios-Backend-32190\Desafio15_DividrEnCapas\node_modules\express\lib\router\route.js:144:13)
    at Route.dispatch (C:\Users\Iván.-\Documents\Programacion\Desafios-Backend-32190\Desafio15_DividrEnCapas\node_modules\express\lib\router\route.js:114:3)
[2023-04-18T12:25:11.738] [ERROR] error - TypeError: Cannot read properties of undefined (reading 'sendMail')
    at Usuarios.save (file:///C:/Users/Iv%C3%A1n.-/Documents/Programacion/Desafios-Backend-32190/Desafio15_DividrEnCapas/src/Persistencia/contenedores/mongohijos/Usuarios.js:58:29)
    at process.processTicksAndRejections (node:internal/process/task_queues:95:5)
    at async Object.saveUser (file:///C:/Users/Iv%C3%A1n.-/Documents/Programacion/Desafios-Backend-32190/Desafio15_DividrEnCapas/src/Service/Service.js:57:12)
    at async Strategy._verify (file:///C:/Users/Iv%C3%A1n.-/Documents/Programacion/Desafios-Backend-32190/Desafio15_DividrEnCapas/src/Service/passport/passportService.js:70:9)
